500
496 7134 2981 5649 3672 1881 6444 7755 1937 5024 1841 9354 2791 9930 7762 6613 321
89 2497 6054 9676 9235 1940 5391 2468 8164 966 2777 3133 7744 3012
197 2687 9935 3857 4909 7453 832 2258 1348 6433 7049 6920 5869 8125 3894
42 4224 3311 8861 4306 52 1942 5426 8469 1611 5416 842 7720 9301 1343 3022
105 5280 760 5884 9040 7228 8170 3330 7116 4126 2696 8770 6608 2628 1865 3648 4493 3842 8797 7285 7429 1145 6101 9129 6613 3936 9007
117 1336 583 847 8786 6554 468 8493 5115 2979 5386 6338 8424 7734 2730 2003 5295 1982 8481 4527
344 7885 9312 6713 3573 4901 6641 5639 476 9598 1231 5898 8467 3490 3536 5248 3513 5964 3758 3521 776 1534 7709 1668 5715
156 4032 3262 4867 8815 5382 1565 8063 4988 3373 4377 8994
247 8785 3336 6172 9315 4939 2275 9601 2617 9473 5812 1666 5762 2537 7575
186 5601 493 4081 3720 6218 6718 5609 6269 4685 9459 5410 6131 5492 2904 3074 9848
395 8357 7112 8822 3308 1634 4892 6645 4549 2882 3111 182 1091 5177 7968
269 6563 4182 915 4172 8067 5495 1212 9188 6023 2799 6404 8130
255 1063 4591 3086 5287 2431 7009 1850 9371 2175 9481 533 4448 9522 457 3885 5762 7652 2555
28 8605 3152 9133 5708 3388 6675 3721 718 1777 3854 9615 7073 4449 3104 2589 9129
427 4328 4635 63 2123 8363 8804 5617 7498 2202 4522 2458 2070 2555 1299
88 524 8353 4505 1683 428 5556 4959 5044 7087 8021 4846 906 2486 5862 496 2121
224 1893 5073 5549 6626 7393 5301 9237 2421 379 7396 7280 3584 6465 4985 79
304 5520 9211 1762 794 1118 5769 3661 8510 5877 5384 3494 151 3856 9632 7549 732 1731 1752 7575 2
261 9321 6793 7216 3653 6181 1020 7357 2595 2444 3847 4222 4207 9283 9086 7355 847 6705 8907 3827 7759
13 2638 8453 6299 6656 728 5301 4500 6452 5907 9192 9569 5045 3051 5111 4855 8722 3380 4314
353 2987 8882 828 8319 744 4284 8310 6467 8837 4664 8140 6137 6 3277 4737 9478 7893 3630 4345 9689 7438 3936 208 321
351 1740 3681 513 1052 8136 1824 3745 4612 4736 5693 218 1394 5839 8781 5743 2670 8671 6101 9968
443 3783 7859 4777 9763 9300 2020 1479 9232 608 4005 2275 6677 9244 6613 447 2555 9968
489 7904 2228 7500 6762 9640 876 7510 4324 6011 1562 7499 7452 1554 4372 8020 5449 7742 5072
434 7430 652 3739 2078 444 210 333 2338 6447 2870 7078 4195 5846 9159 1546 148 3936
48 2512 833 2054 3227 4051 9340 1093 8610 2701 3657 1696 8259 3044 9129
498 2730 3895 6501 1325 2426 3005 442 8792 6222 1907 2031 1262 9443 155 3320 2327 2986
161 2160 7922 8483 8967 6385 3865 7343 1417 2936 1789 4777 2559 8406 5292 4622 3700 267 9467 6547 7652 9545 2962
444 5429 1889 8143 1000 8260 7543 6524 6470 5285 2611 682 3926 8462 1105 5216 6101 1534
279 4563 98 5308 8914 4676 8960 5390 6033 2165 8428 4311 6030
319 7736 9823 3715 88 5738 676 3977 4055 9634 9204 1037 3005 8852 5448 4418 3203 321 5748
127 4247 4007 5744 4961 2727 6831 2785 2342 4580 5157 9273 8267 4170 1668 5097 7762
336 2658 838 2201 4214 5271 601 6928 9846 768 6374 597 1369 6164 5500 8931 6810 7055 3432 2 1534
340 2272 5534 3794 1075 78 6165 7447 1763 731 9184 6391 9954 2340 4269 4341 1134
80 955 1712 3156 9244 3370 3376 6646 8786 1345 8897 4490 5676 9414 9640 4314 1429 3074
218 8542 9034 5055 493 421 6878 7155 8440 550 7254 7126 4901 3602 9008 79
148 3683 1276 7181 6516 2531 3712 601 2096 3023 2718 2030 3662 4975 4804 4971 6899 745 7153 2 3074
158 2308 5509 5151 8785 322 6936 3702 5210 3951 9765 8431 3012 321
49 720 4546 571 9063 9317 7389 8689 2621 28 7142 2335 9311 6020 7143 4102 7790 1560 1289 4341 2240 2962
112 132 6560 5749 9316 5220 3217 8577 8002 7213 7013 9522 4352 6523 6619 2121 9968 6327
229 8994 1909 7040 8817 8052 1276 6903 3373 7938 6414 7940 7837 6698 6030 5715
55 4684 6311 5592 915 2672 2217 1416 6918 3523 9468 4045 79
282 4242 3586 657 1323 1177 578 828 8239 2586 4102 6167 5896 1031 6416 374 8130 1831 8495
293 354 970 9732 9691 8682 2428 5826 6611 2896 4939 792 4208 7688 1425 979
39 2879 9132 4140 2671 3015 9785 4462 9072 6502 7498 3946 1036 8439 2240 6534
393 5710 8960 1834 5941 3252 1977 3551 7808 6903 8346 2676 2699 7569 4971 745 5326 1670 979 3894 1984 2 427
50 2033 372 329 8004 4230 2243 2722 643 4380 9023 2744 2991 259 4134 6101 7333 5860 5880
209 5462 287 7741 2887 6318 2553 7650 9095 7074 7314 9014 9848
173 8363 9014 5683 7642 1230 7949 7701 773 1703 2551 5054 5860 3703 8498 79
257 9831 4550 5389 368 7659 6698 6147 2157 5776 9187 4793 998 3163 2322 3894 4985 2128 5412 427
99 3807 4209 9710 9385 6003 6320 6339 1617 8346 4177 670 4859 9139 2155
250 6594 3358 9453 1348 9526 8632 7732 858 5125 5332 3427 7841 3676 4240 935
260 1437 1636 5554 3123 944 1197 2635 3971 5408 1344 3509 3004 2643 4340
108 5407 1327 4542 30 3353 7721 8753 3084 9876 9856 9977 9271 6875 7252 6534 8212 9224
292 4461 3745 1175 3593 6794 3319 1681 7739 6734 8096 3417 7933 4129 3541 1534 321
63 4728 8828 8789 3123 8298 5538 472 8434 3579 5257 1973 9216 3784 5341
287 9484 7527 1279 7435 9245 5023 7504 9047 9619 2663 2828 6967 673 397 2583 7762
123 304 6879 5508 5867 8749 5154 66 5933 9254 740 6865 4966 6258 2643 321
329 3980 5537 1678 66 350 9622 62 923 3195 2184 2643 2962
429 1259 4029 2245 7609 7927 8387 6395 3692 8976 8765 155 3784 7709 1774
459 3299 222 1813 6388 6240 7275 2896 2787 4318 9259 3207 7699
433 6642 5186 7925 6592 1097 6905 364 5565 7332 3494 4589 8881 6613
356 8714 3506 4521 9067 4363 8667 5881 9132 5441 668 917 1465 6699 412 4151 4326 5412
370 29 2780 1650 1548 5005 2369 7301 8440 6002 450 670 5962
272 7325 5886 5621 5750 3473 8140 9162 7442 4369 949 8457 9621 8685 453 4624 7575
290 6312 4083 7129 4861 9206 1461 1194 9510 6122 9036 9834 1476 6938
149 6003 8224 7743 9422 7105 7828 6270 1432 766 2494 2439 13 9991 6938
46 1556 918 6544 8475 6109 391 1976 6933 5773 3670 1085 427 7762
358 6964 3961 5036 96 3824 1044 5466 3542 3005 8768 4066 8722 9265 5917 246 437 6082 3012
435 1004 4540 7986 8306 6506 6062 8413 2335 9327 9681 2783 9705 1657 420
6 117 6411 7531 4893 6848 5847 5716 4681 7076 4004 7285 79
379 3460 1529 7174 6267 7798 5787 8164 8595 6523 2113 8491
9 2129 8999 336 4121 6449 1743 1830 8746 3643 7000 6584 3894
407 6227 4214 602 6245 1682 3795 141 1140 9481 4133 6168 2030 2086 7922 5880 6327 3836 5962
239 5929 8990 8750 1495 448 4579 5474 8040 6723 300 2102 2252 5715 8307 4340
406 8471 734 5234 3147 2017 7943 4896 1777 3837 3417 4268 9194 1368 3004 9990 6613 321
346 741 6063 5158 8264 9926 5621 5832 3174 6289 5390 8008 2870 4771 1299 3074 5962
169 8943 9224 6676 765 139 7967 4292 3702 7567 9075 5803 2695 1113 4784 4586 2643
33 9924 2047 2865 9094 6612 7263 7344 8030 2970 961 971 123 9826 6460 8134 2114 8711
43 1201 9923 6412 5519 8349 9862 4553 6829 3301 7552 7072 9848 7709 6258 4855 5880 7949
61 9840 3350 6764 2941 6579 8837 6426 3526 6095 2128 3673 2979 8728 5775 6547 5412
380 1168 8878 1648 1519 9177 3522 3059 9945 826 6802 7669 5715
3 2560 490 6653 2607 3596 5317 4402 1098 5048 3554 1467 8780 4100 2192 6534 7179 6613
4 8460 1962 8717 3001 5950 5122 9301 1668 3394 3005 1339 8209 9543 4776 287 1498 8176 8151 7185 1319 5962 896 199 4314 9903 2555 9075 5715
306 7545 6851 4158 1571 4484 2492 7796 8196 2254 9953 9018 4941 2028 2892 7949 7883 7699
483 1047 6691 2953 4561 9953 2519 6915 6168 460 6587 1232 1195 7984 3758 2 6134 8005 9533
347 3249 9079 7675 3506 2433 42 6115 4194 5089 3049 609 4335 5572 2155 3936 1668
234 2746 5193 316 4073 2868 5895 6502 8042 6572 3247 8998 4660 1929 6351 1668 6635 4962 4199
274 1027 8645 1064 2476 9654 7220 2118 8866 5070 4561 4752 949 6986 7699 3982 935
470 7464 9841 627 9393 2551 6145 4703 1087 5234 5547 6234 1984
313 7147 4292 8916 4518 4428 1159 2195 1761 9236 9284 9430 9023 2555
366 7651 4564 5669 9996 5174 8705 8400 6267 6909 6731 8043 9842
119 8479 4048 9082 1604 7713 7749 4452 8547 9315 7845 8756 6750 1571 3936 7153
326 2765 5140 5584 1347 3379 666 4521 236 5478 8893 7232 3869 3942 7782 2288
136 9534 8045 9890 6377 2420 6732 218 911 9209 1569 4679 79 5748 2
35 6810 9312 6414 8392 1737 6443 8552 1200 7276 4465 6442 9659 9758 7060 6584 2962
453 4310 395 4386 5856 4511 6102 5940 5943 9351 8996 6221 2839 5788 9533
404 4192 9476 3533 8033 639 9383 6739 2218 6602 1725 5451 4607 3660 7786 1852 4104 2340 7296
338 5447 1202 65 4478 7213 9362 7840 7604 857 865 4139 9640 3584 9565 1647 6014 5962 2962
165 3581 6503 3820 9333 8567 6269 7346 4941 9674 1522 2781 2426 7712 9144 4071 9129 7949
157 9196 2958 5121 6899 6961 482 2574 6267 5952 763 8040 7050 518 9244 8580
391 5690 686 1195 7251 538 550 1466 4143 8898 4732 9887 4828 19 6241 4345 2390 8907 3074 4326 9007 935
378 1451 6546 7938 154 5402 8664 3008 8257 8618 7066 5089 5033 9483 8439 6778 8711 352 2121 7762
170 353 8366 5905 4085 3667 6834 3746 3391 3637 4925 5339 6920 1668
278 3302 6805 8198 5303 6007 7489 1435 739 6066 2109 3823 921 838 1125 2288
473 3713 1815 6622 3458 5016 5888 5770 6854 7238 8729 6170 3781 5412
295 3153 6670 3379 5351 934 6376 2608 7787 732 6987 8292 4456 4678 9218 182 6303 3498 4890 9848 9007 2986
131 3510 5804 6601 5155 3336 7480 5831 7 5126 4260 8887 8903 6382 8362 5654 1299 8055 8423 5531 1496 1348
68 1164 3643 9527 7125 1078 5825 5738 7582 4310 3594 438 1682 6101 9842
78 8040 4087 4850 8473 9438 8703 6818 4611 9153 9181 2986 7296
318 4038 2472 6602 2935 8421 2984 6681 8945 4369 5645 183 3012
138 7197 529 9954 6863 379 4749 1773 9280 4933 7144 3227 8982 1749 1153 4107 5386 2986 7153
2 4090 5574 2123 3418 9485 6371 4008 6656 699 6861 719 6712 2437 2842 6899 3521 9349 7429 5677
472 9291 8472 9534 5351 3235 696 2444 7131 7574 7389 6103 1134 8387 9270 4985 2986
390 4808 5141 4086 9423 5972 272 8846 9675 7383 7967 3072 3236 1956 4985 9404 2 9007
146 9403 9636 4366 4122 3730 5439 1281 8172 1007 7162 569 2983 2962 321
398 54 4000 3766 7059 1159 5819 1482 2282 5936 9461 6030
191 8966 96 1447 9528 6120 8342 8416 5350 6434 3403 4575 1898 3804 3586 3936 9007
343 7624 8493 7903 4277 2878 2289 1860 1884 6521 3053 6145 3631 8966 4966 9667 7806 259
180 7484 7992 574 9686 667 8881 4726 706 1146 299 9700 9829 8507 1083 650 3961 7968 7949
101 7447 120 270 5766 3447 5517 8989 5442 7684 8281 1801 7955 2902 4501 7880 9301 8994
251 6800 916 3121 4695 8350 4086 2002 699 5296 1817 1884 8657 7381 4362 135 9533
120 5179 8372 7641 489 9353 4625 7621 3909 7557 5738 6979 5138 1340 1364 6744 4855 79
252 2981 5835 1850 8125 638 9133 4635 9011 3132 9436 6545 215 6042 7979 3596 8528 321 2 1668
51 7597 3171 2693 3637 172 2464 2575 6367 5169 6287 2330 6827
86 5539 9152 7351 7262 3274 4735 6734 6201 4505 5868 2370 4929 935 2240 8491 321
235 9163 3647 3740 3988 9179 2036 7715 1796 6436 1081 2069 2263 1387 2983
405 6394 3 9366 8863 4790 6070 424 3664 7264 6037 4880 5304 1763 6534 6613 3982
152 4592 2879 3056 3206 5117 97 1120 4376 5705 2265 3964
137 5127 5456 9857 2706 4039 338 2308 9912 3027 3998 6771 8524 8431
171 7559 3891 191 8186 8866 2826 9741 2844 9453
155 6831 8240 8773 7086 2222 9500 3338 5855 6804 2711 9039 9764 9043 2327
494 3811 9935 7295 305 6040 482 4902 6809 336 4744 1396 155 6101 8248 5412
217 1111 5395 9388 9997 8434 7014 8542 3206 1164 9565 247 625 3561 7133 79 9007
479 6880 205 7991 6378 3128 5720 950 3964 1008 6530 1511 440 8228 7068 9013 8125
66 4920 1973 1 1222 3736 5631 2747 9122 3188 1467 3146 935
440 7741 806 2770 8860 2228 6260 2107 3714 5343 6500 1796 4624 6889 9199 5748
125 4298 4480 7246 7233 5548 5404 8861 7629 9172 3333 3167 9007
126 4888 7358 9695 605 5755 7127 4880 7923 6327 4221 3524 1571 9197 9007
176 4954 9762 7405 9384 6104 8918 3562 1669 1307 7753 9523 1191 9383 7606 2409 1429
193 757 1676 520 3985 2759 7714 4725 884 726 6428 3163 321
57 2509 8459 4644 4218 209 9725 3626 815 6347 148 8183 1496
8 5393 7193 3812 4253 9997 780 8895 5155 2401 6011 7980 3535 1450 8586 5458 1590 8987 4180 2240 321
273 7316 7357 5330 9103 4699 7777 3440 545 3669 8856 7862 9569 7861 6061 4437 2192 352 3936
392 2977 3993 159 3344 6510 366 7383 233 6724 6078 3751 6301 8495 3830
216 6601 3493 4191 844 4780 9686 2616 8580 7215 9041 4433 6623 2806 5385 4824 5762
23 1711 7261 9932 4054 6337 1102 2931 2391 3625 3537 3524 9717 5553 5715 7883 935
362 1998 461 4417 151 7344 734 890 8739 2806 5097 9347 259 7762 3074 8711 7438
476 7329 3887 8276 1576 4264 2795 3837 5908 3991 9640 3368 5176 5219 1752 7049 7153
413 7255 9284 6165 6186 9686 8782 7758 3033 773 6362 8343 1601 9968 2962 321
128 8444 7591 8546 3666 2713 5319 9941 7562 8402 2910 2555
19 1402 63 9871 1978 4602 1235 8683 950 4594 8355 1502 3453 7740 9374 9533
133 2765 7487 7463 926 6009 8804 9605 4432 5398 5704 3249 3050 1105 8994 5715
230 3999 8590 6530 5376 5085 1859 5734 7914 765 4225 8432 895 1670 6021 6547
323 1603 6846 9031 172 3053 9009 3341 4620 4694 2109 5775 3830 2240
179 1508 5963 1052 8502 3994 2724 7440 3378 1588 7364 2666 2288
81 5679 9745 9633 4093 4991 1688 5595 378 2977 4721 6982 4027 2240 935
426 3100 9019 1924 2588 358 9241 4274 396 9130 7485 2392 483 5780 6327 2962
246 2119 5296 1040 3667 8831 5917 6260 2183 2521 3024 5403 5500 7353 5030 9347 1774 4624 7240 3074 8994
456 3193 5006 7610 8670 8992 2477 4702 578 4453 2389 1971 1122 2978 7713
267 6189 7225 1201 3747 8532 2463 2153 7951 2457 2654 4928 1125 7762
308 3334 2521 391 3118 1420 5166 3716 5551 6060 8756 450 2182 9903 2327
27 8274 5161 1111 7248 2964 8846 5335 8502 3860 5239 7439 8284
373 8443 1710 7974 7087 8390 8081 5966 699 1313 4624 5306 5251 6077 9683 372 6996 1601 1868 1299 8125
24 5427 3419 961 3340 4176 4818 6992 992 6551 3597 1039 6945 6482 8470
38 4018 4837 8208 5504 1536 1407 600 580 6834 5743 8655 6675 2264 6467 4035
349 6926 7157 1697 9156 3694 6983 3765 7314 6859 8717 9930 1117 8812
84 8278 3399 3471 3362 3590 3119 8958 6691 1838 4734 3749 3597 8618 8145 5340
432 4066 3725 2850 9142 2085 9606 9398 9216 7810 526 5052 4556 8185 8716 8212
72 5794 619 7768 792 7800 1497 8263 2235 6907 7123 2784 3125 5728 5748 7949 7153
485 5703 3624 9455 5961 8505 1107 8977 8972 9159 1019 1950 7864 7949
341 8192 8413 5736 4564 9345 6117 5953 2220 6281 2643
424 7887 9726 8393 3034 7654 7955 7071 9745 287 863 745 4400 2240
211 9340 6800 8781 6541 2417 6533 9747 8301 1916 2781 5194 3061 3895 4967 6538
87 2622 2215 8006 6494 6319 4923 6044 7155 3720 8798 6937 6240 8029 8728 9007 7732
163 8064 4144 8736 543 3310 530 29 286 8241 2943 7153
110 1686 7355 9111 5754 8714 1759 7241 1049 9584 7560 6193 2586 964 2704 3144 7429
204 6227 608 1189 7318 3114 8016 4800 7311 7198 7088 6071 1117 8716
15 3518 7000 2819 871 3041 5207 6468 151 7237 563 5099 3982 4314 2240
334 4186 2436 8637 9364 9351 4934 1834 4388 6529 5295 4787 9608 1934 427 1668 3012
418 936 3463 7235 7655 5017 9864 396 4095 5667 4055 8715 5445 1238 5880
291 7122 6145 7792 9296 8216 5209 4721 6547 1682 4671 1443 3225 221 4985 979
97 2939 7775 1698 4445 9295 1792 1127 9782 4644 9270 5030 9199 2986
238 5159 871 2681 7659 3923 7388 5525 8854 9180 6823 3863 1692 550 1822 8462 3543
69 6547 9592 417 2614 8170 6282 3153 2280 4648 1792 6148 1978 9292 5099 9931
102 4580 62 8090 4996 6686 5902 4279 656 7591 5479 6448 4923 7290 745 6258
150 8270 8652 4443 3685 7322 9401 9902 4408 6266 5339
21 978 312 2092 9572 9449 1019 5047 6739 9115 1233 7683 952 6938
423 6665 9196 8272 2795 3126 7549 5737 207 1760 9850 9005 4760 5869 183 979
457 4194 7278 7431 2297 6149 215 402 3151 924 3313 6130 4976 3050
419 1038 7367 2032 151 4893 506 1988 9576 5016 8155 1055 7038 1900 1942 3043
31 6668 8523 3410 3451 6826 9566 6742 9066 4592 455 6014 9903
421 6419 3797 7036 3956 7360 6253 1957 9576 6425 1766 691 9638 3468 7694 8528 5869 935
214 9867 3204 4936 3216 2697 9223 2598 5631 8247 4253 3835 5934 3184 4035 5307 79
332 4032 8559 5310 1834 1883 1875 3746 8196 7077 8470 2555
62 759 6593 6242 9803 6046 9162 7286 1665 560 5547 8128 2942 8144 5212 9478 5902 2240
386 1398 2999 4764 3702 2367 6440 2559 2957 9400 3021 8743 2404 935 7699 7762
153 2938 2741 5754 8425 3401 2191 3291 8951 1402 7885 5852 4769 3783 7219
276 9880 5383 6267 1941 9033 2352 899 100 1127 1841 866 9545 935 2288
135 9169 364 1359 389 786 7880 5468 8476 5603 6229 6771 9906 6623 4457 6044
383 6469 553 4273 4158 2039 7099 5462 9336 7688 6786 505 1932 178 481 6178 4378 3827 3877
20 2402 8042 6451 7030 6362 4862 4440 3471 4761 2873 2264 1042 3877
237 5388 3828 9192 2882 7328 6072 2314 844 2732 1252 7549 3665 5326 7949 3982 935
248 8992 8136 5355 5360 6963 7734 2256 4897 5423 7365 2379 469 8185 9197 5326
26 426 9025 2245 2722 140 6700 3995 8143 8592 1083 6054 3074
365 2881 728 7927 5528 41 3634 1467 8780 6295 8517 9453 7732 321
467 3716 9988 1191 9458 8279 1276 3086 9218 1084 632 876 5038 4364 3697 1353 4027 6584
200 5196 1239 1946 5244 908 4727 6382 7633 3382 9351 5412
113 8080 9722 1611 5339 1477 6192 1439 9675 2663 4875 4928 8518 4814 7240 3044
219 1682 4015 592 5963 1182 5995 1746 8296 8294 9194 510 5293 5458 3012 5715
499 2300 7903 381 3658 6902 1597 3330 8600 1892 6924 7629 1625
183 4486 6381 1202 9446 7816 7633 1977 6133 3245 4533 2898 6938 79
359 3614 2614 6558 1978 1279 9231 3656 71 3555 2305 4507 2070 7413 8387 5340
490 359 8636 9022 1664 6713 754 8791 8056 2739 7204 979
256 8302 9634 9216 6886 1766 9401 6548 5276 9677 7457 3926 6672 6021
29 7540 9459 6881 268 8057 2787 9526 1531 6063 5022 79 6913 4377 8836 1134
477 3298 9141 7190 3855 4837 8033 2188 8382 4123 4667 3064 9677 7699
142 2703 3257 4731 6829 6776 9161 7174 5208 6770 4176 4314 7883 7120
201 5388 702 7672 4532 9487 2353 111 9217 4873 2124 1361 715 6170 6672 7699 9533
195 5268 8203 1305 5188 8908 1881 5422 3405 9293 9233 5261 6913 4054 7510 1252 1534
71 3977 5899 8480 1577 7234 5228 6695 9887 8291 8652 435 8045 9680 7049 183
75 958 2044 9264 6491 9707 987 9052 1616 8969 865 7196 4974 6067 2630 8125
194 5137 3440 4650 2838 3052 5729 8874 8622 6549 8140 9438 782 1728 3830
45 9604 641 5291 1845 6617 5592 306 4541 9859 5359 6025 7885 4429 3320 6899 8722 5340
198 2124 1989 7213 5914 4987 4908 340 8444 8357 7675 1638 6054
151 142 7903 8916 1047 2472 9475 2785 648 4948 5254 9374 2288 6938
475 3471 4239 6370 718 7582 3624 3926 7313 7792 3665 611 4188 3080 9615 6049 2555
387 2517 9612 9838 9962 8052 3879 4800 5168 4604 8031
316 4025 4074 724 9645 6152 2711 6940 6840 4746 3641 1382 2322 660 3751 2790 1134
130 8389 8016 8626 5515 9415 4866 3149 8786 2895 2302 6978 8498 2962
399 7472 7719 3460 9310 215 3456 8361 7724 8544 6518 6010 4749 4457
352 578 8882 9968 9172 1275 7836 2828 4548 6385 4774 2617 7835 7648 4254 8233 1557 1105
203 3085 6826 7514 536 2279 5439 2785 3540 376 9968
410 7224 114 7547 1652 3431 1409 2490 2301 4715 9393 7899 5762 9160
58 7299 7677 7482 7496 2105 4197 4798 3156 6614 8635 4168 1666 1219 1937
450 7723 1921 3911 2458 4996 52 7546 9579 451 6786 7545 3877
258 5196 3544 6956 7311 9585 1533 5736 8309 2032 7950 4558 6014
65 1239 2213 5557 9931 9127 4579 4607 6547 5308 3691 8520 6516 7120 9199
184 2549 8766 6134 5779 5176 7804 3540 4805 5634 8350 2425 2437 7754 4567 3894 9301 1299
240 9382 7840 3340 646 2476 1230 8393 9396 6262 177 5462 3376 5748
259 9949 4806 5536 2761 4575 4941 4119 8159 4717 5041 7647 5341 9637 5507 8644 935 2240 2962
478 9423 1571 246 2680 4420 2484 3264 1058 1072 552 9716 4515 6999 8862 5150 3103 7055
17 2835 8090 4721 8141 5075 5943 5904 9788 8132 6197 9483 7883
187 6882 6764 2952 7311 9207 1537 1340 5827 5656 427 3074
461 685 5988 3743 1917 3341 429 2498 6798 2544 5047 7960 8491
445 6179 1902 9604 947 9516 4747 259 7340 905 7599 7987
44 2724 571 9874 8052 3329 494 6351 3745 5145 4937 6188 6646 2933 5534 4269 5547 707 8994
242 3847 2505 2418 429 5666 9466 5950 2771 2881 3549 9275 120 3753 7055 3877
94 9628 4861 8790 9737 2423 2018 8373 2487 7577 6035 774 2192 7902
104 1442 2998 6543 2915 3514 2857 760 871 232 4407 3738 3547 9898 3705 7054 8387 7296
446 4655 4908 6818 8132 5454 478 2518 4938 3341 7789 7033 871 9050 8235 5848
364 7043 6901 9359 6916 7282 3476 5456 1122 3743 6272 4241 813
52 3347 1192 469 8222 8930 366 1116 1693 6070 1521 6702 4866 686 7138 5401 3836
385 5885 7676 7169 2206 9941 3747 463 9074 8085 7372 5008 7306 7204 420 6938
16 7451 6691 8464 2745 3208 9805 1769 3966 7000 4028 5678 5840 6770 8681 6675 3885
310 2290 4980 8001 9690 1708 7450 8390 3664 4970 6216 935 7762
307 3604 1769 235 5804 6883 1411 491 9436 8608 7843 6954 7781
474 5277 6144 773 1678 493 712 1495 7719 3275 6492 2586 5986 9278 2822 1091 5553 2422 9244
367 6084 6941 2836 3677 2726 3676 4903 7232 758 7698 2072 5785 5838
277 6036 5272 8463 6412 8616 6451 6119 7753 6543 9379 2868 2064 6347
175 9379 3567 8299 6074 9491 9898 1582 6079 5380 9402 660 6281 7933 321 7762
300 9866 2621 7821 3417 3415 9507 5956 1901 7078 675 8741 1967 3135 5326 9930 3146 1105 7153 8125
294 6103 2702 9409 6845 5797 8676 176 4610 3359 5430 8416 1581 3538 9083 321
369 9779 844 1059 1146 794 8681 8289 6731 9422 4538 7193
73 5247 2272 3644 9472 3516 5718 8260 5800 7431 3944 3533 673 4658 2114 7153
212 9266 2844 9570 4963 910 5185 4266 5702 7683 2394 3632 8429 5178 6532 8423 4341
361 7380 5503 9768 9508 5642 4924 6752 1156 7543 2872 731 276 9834 1668
265 1032 4588 8119 2867 2981 2869 1283 1414 6506 6557 1328 4345
377 9876 8978 616 6226 8997 294 4384 8410 4289 2326 6446 4607 3331 2240
271 5428 4649 6586 3817 2099 3037 8011 4421 3749 6938 4129 6613
115 7487 8762 1444 1412 6062 6489 3534 7814 3036 2396 6903 5691 3203 7296
91 6720 8810 2461 3841 810 9040 4168 9704 7255 5102 8354 8599 8043 116 5880
262 7484 4763 4849 4008 3794 4174 6958 2252 4537 5997 6270 6692
442 6257 7317 5798 9777 9693 3715 8506 9176 4086 8081 4674 6095 7741 6413 6621 2867 1948 88 2349 8105 427
36 6532 4809 2129 1010 186 8021 4630 2817 3167 3620 7755 8335 1680 9703 254
172 1220 4229 2846 8457 4394 4751 348 4819 4087 7899 3789 8125
448 9126 3886 6527 708 1626 4821 2973 2229 8427 2624 8167 7240 6938
484 7537 3153 3099 9522 4045 6457 3350 2572 9675 9595 6573 8043 8431 7652
469 9895 8038 5346 2295 1708 9711 3541 7489 8040 8949 926 560 6538 9842
280 3789 5493 6597 7253 8275 1694 8134 8829 9844 4977 2715 9558 1645
190 799 3269 9379 7327 7743 3729 8744 2595 113 9758 4260 1920 729 1256 8618 7845 1979
85 3175 7848 9521 987 1449 2744 5467 7403 2391 1517 2441 9538 4420 8418 7088 2962
114 8234 6324 7833 5494 3182 6748 653 3037 3454 8560 2152 9372 860 9955 6251 2
464 8165 9433 8788 3279 2454 8717 7223 4454 2746 6891 4002 5156 9244
10 1963 2973 7611 1694 1316 2778 2603 6718 4498 6746 4974 2147 6482 6258
388 3764 457 20 1435 8142 5119 4654 1954 5041 2297 1847 2962 9968 2240
124 8943 1271 6457 9438 1581 7170 2598 4444 1301 6750 2875 8113 4112 9758 2160 3914 352 3877
160 1708 5676 8568 5504 6260 7314 6840 9413 2533 2950 2197 4031 182 6258 5848 2555
83 8817 8772 8949 5560 3573 1322 324 3897 8468 8473 1579 673 1560 1383 2643 7153
53 2203 3398 2219 5535 5592 3909 6610 704 4538 4290 9433 5948 4027 5446 3877
302 2545 3442 7967 7635 8442 3180 696 8906 9741 7874 5810 5702 7012 9933 5437 6584 5715
254 72 2272 4140 4597 3548 7339 9215 1198 9781 5698 7413 1405 7713
22 6441 6190 4187 2646 3076 5630 5968 9194 8338 3549 6464 4463 9842
416 1280 5705 7852 4475 5886 7879 5965 5728 541 9181 23 1496 6281 3982 4855
244 3026 7937 1028 6493 153 9287 6026 8858 7713
76 625 4292 6211 1757 7734 403 7702 9492 5573 7191 5224 2239 2735 2983
226 317 5342 4312 5816 77 4613 6993 3767 5893 5119 5090 413 9181 5156 9244 7296 1668
168 9833 4731 9456 5905 9053 3082 1071 641 140 9723 7242 6458 7713 3144
296 1323 6366 8642 9204 2225 2365 9341 4769 9960 7459 1375 9301 6020 8130 3584
215 4667 8619 2007 8330 4823 7469 501 8770 416 877 6986 6258 9007
196 9887 6865 353 3266 7218 2430 7278 5084 2730 1342 9440 2630 5412
376 550 2485 9389 2963 6357 6953 4148 9617 6186 1383 926 4914 8722 6049 2327
335 4315 7351 4751 4196 593 7563 481 9857 7026 2264 3584 6778 7240
67 3465 544 5114 5170 4947 8158 1474 4564 3376 541 2962
488 1828 2135 6573 4721 4792 1075 119 6237 2413 6001 6970 7880 1429 2643 79
486 5830 9238 1440 9986 1389 7680 1012 4147 9527 2210 8666 9404 3894
348 9859 7248 8594 4562 7377 4851 3307 6467 4797 779 4259 1267 133 5553 6296 935
145 6488 436 8678 924 1954 8383 8801 7708 1383 3326 6692 6613
60 3492 2376 7397 9030 5371 8549 7779 1038 6865 4086 7216 116 9007
25 8543 6231 7137 2845 3385 9303 7322 6371 8939 7659 1353 79 6938
422 5944 257 7697 3405 2408 226 2345 6506 3181 1964 1505 7736 7762
227 3227 9676 3958 9989 3151 4173 7878 8740 5336 2242 3629 1366 8507 5445 3894 2555
41 2973 1718 1564 115 9926 7907 6552 8775 8990 4565 501 6352 221 7285 7296
439 2363 341 8430 9526 3613 6647 2998 2956
497 8942 7663 5392 4137 9170 1745 9085 1331 3291 1580 4948 2422 9270 1979 6613
284 7788 8654 3410 650 6766 4132 7194 6962 985 8427 2122 6583 6447 6762
454 2969 9827 4090 9217 5546 4785 7631 788 2234 664 802 6545 6134
415 4251 5466 9537 6974 3414 7724 212 153 3393 4326 412 7949 9968 7762
325 1409 1844 8879 9188 6406 2599 2936 845 810
147 5588 5387 8041 9302 757 5897 9942 128 3349 1147 333 8420 5322 3543
374 8740 7368 7134 8394 3185 8770 8777 6088 5014 1871 4352
275 8824 3288 1793 2515 7909 7650 4917 8926 976 8973 951 76 5307 321
286 891 5617 8200 2453 4023 8681 2111 981 1802 2806 518 6509 6836 116 8005
106 4100 6208 5499 9641 1303 7966 6220 7111 843 828 148 8125 2555
492 2256 4969 1604 5107 4965 419 4163 7536 4587 8918 4326 8005 8462 3936 9007
285 9671 2120 4565 8175 989 4917 391 4590 3866 2144 898 8337 7688 1557 745
188 2868 4729 1912 7797 6019 5999 8743 4821 8990 1510 4216 8572 9704 55 8169 8223 732 2121 427
206 9674 6575 5887 2565 2116 6825 831 3313 2721 6558 3668 4838 9337 9638 7575 9199 5412
95 2687 5727 1069 4026 2593 542 4782 7668 1453 2475 8431 4340
90 5926 797 5892 1150 4818 4842 2157 8710 8936 4161 1043 511 1383
401 5792 1961 799 5933 6942 7491 3810 8847 8457 9611 6727 7513 4985 9545 2
281 6002 3859 9418 5372 5417 4964 5751 2961 9414 8162 8267 1986 5715 8134 2555
210 3759 4743 335 5195 6382 6590 4822 6425 790 5053 8293 6938
321 5513 187 5920 1092 393 2135 4127 6863 3631 7863 3505 4437 4234 2790 9043 2240 7153
481 3841 8738 9408 4040 2844 6809 3176 1002 7422 4866 9401 5316 873 9230 5307
381 227 4382 919 5777 741 852 9487 5639 761 7742 7827 8892 5799 2158 5702 8185 8134 5715
1 3770 6318 969 844 2655 3937 2015 7482 2203 9323 468 9968
441 7329 1000 325 129 8950 7388 8587 9767 8261 2805 9265 8193 9842
420 212 4444 2202 4591 240 661 3414 9534 6167 8615 4691 652 1668
30 7628 5932 5852 4315 4758 8018 853 6421 6331 7787 847 7791
320 7711 9521 684 4329 9096 7428 4883 5687 3552 4320 9517 7048 7234 838 9533 2962
205 9076 2860 2125 1400 8964 8308 1631 7019 9074 8850 1077 3731 4901
480 7828 4575 2642 5907 3285 6480 8841 3243 6872 3793 4755 1503 5307 8105 8005 6082 3012
241 2241 6223 688 3592 1907 6391 9356 6604 8112 7268 3612 9704 5981 1942 7429 2288
417 2309 1364 3629 1050 9073 5277 4511 3565 1800 8531 5761 4241 5978 7675 3325 6555 1336 2340
384 8163 7114 6138 2977 1542 1394 6380 1569 4504 9252 5627 6739 3383 3232
143 197 1895 9322 9751 3796 3318 8157 1908 6917 7961 425 673 7732 979
396 8389 6202 9303 109 6077 4781 2211 4218 6561 4606 6538 6635 8994
144 5522 3388 2197 835 7927 4935 3189 198 3190 8172 7337 8920 3894
436 8757 578 5191 3421 6710 2887 9450 3524 9688 8994
487 5859 2846 8918 1331 400 2946 5723 3456 4584 5667 1887 8027 5917
327 4138 9148 7154 2671 7022 4456 6934 101 1481 5690 4134 4539 6547
192 1837 4038 1691 7685 3601 9587 3392 1487 9313 7026 7782 7153
412 7465 8375 662 638 9094 3149 1093 7105 4766 5356 8490 6267 16 297 7997 7586 925 7736
116 8099 4366 1639 9335 6200 2616 8914 8527 4834 9398 9646 8644
411 7271 8045 1127 1626 4141 2494 4964 4203 1273 4531 3982
132 8769 3112 9102 2023 4272 4238 5298 6221 8973 5185 5248 3543
324 2137 3537 8581 8163 6147 301 4761 7734 3422 1326 4242 9014 1105
220 8899 9395 7192 9283 2035 2326 1771 9188 1321 9546 5232 6712 369 8284 3982
181 5598 8268 5664 8997 9833 734 8297 3125 8416 5747 5892 3158 4269 4824 1668
32 1120 1629 2465 6522 4920 7062 9611 8135 5166 170 4222 756 3656 1454 2240
249 7037 349 3267 2338 8938 2384 2701 3583 8298 4871 7887 7570 4345 3111 7120
460 1022 8147 5161 8981 6066 9830 5040 3036 8725 1283 6196 7883 3885
495 5035 5081 7664 330 9541 4411 4078 8757 2002 8509 5726 133 2577 6163
431 3169 2120 7556 7945 3110 6675 7865 9664 6826 6686 5615 4728
458 3324 9930 9094 2754 590 2548 4028 5030 3300 3530 9295 6100 4626 5748 7652
189 5461 7091 7784 1233 9691 5391 9598 7676 3872 7623 4091 3836 79
455 5499 8440 9002 7368 8817 9041 7449 1786 8572 6698 9968 2986
122 9153 1773 8194 472 9578 1349 4050 8154 213 1868 7413 2962
465 7649 7703 206 9716 3126 4279 5795 7522 187 7321 7699
40 2996 8091 5022 9938 3092 4666 4993 6086 4585 3493 1466 4537 755 2662 3012
47 5210 565 9920 1725 9792 3150 2525 8675 7652
162 4720 2294 8751 3949 1501 8338 33 1638 7313 4429 98 1122 9026 4367 3981 4168 2570 6712
299 6891 5521 637 2213 3536 2272 8152 7356 8088 9787 1299
466 9967 8516 5796 9797 3744 7859 9236 2101 1987 8116 8140 9549 7550 9582 9461
96 2723 1896 48 9246 1513 8817 7799 2788 5948 9023 3877
289 4275 3899 6940 5325 2738 7948 5994 7538 5416 1761 5270 4340 6538
354 4522 6586 5452 2582 6144 6203 1708 7916 4081 8762 3362 5962 5880
141 8744 2896 3018 1625 3709 9478 5353 6680 5553 4644 8984 4572 8092 2121 2327 7652
100 7118 9953 6657 1034 7220 6914 5135 7344 1131 7992 5053 2288 9533
301 9067 5240 5553 2169 2457 1785 4778 3313 611 3354 1677 828 6458 321
333 1028 4173 8366 6709 9090 3298 8234 3737 3918 1953 6914 5871 8193 9007 79
375 9153 7231 8146 6872 1102 220 8159 7117 6483 5168 5003 8069 4531
92 1690 5608 6884 8260 8267 1529 7032 6896 4073 3919 8982 4957 2240
315 3274 6533 6628 7430 4483 229 9140 7669 4199
314 4484 9362 3754 2083 529 7157 5683 6787 3815 3135
372 5405 7501 1202 3522 1028 1806 6799 3423 2968 7856 4985 7120 79
111 7047 5327 5953 7531 8927 610 7091 8634 804 1515 3790 8911 9109 8300 1871 1979 7852 9007
493 6164 669 6053 4677 9028 5662 9116 9872 3827 7817 5710 5056 6334 6296 8043 5643 427 321
82 1276 5700 9391 8215 5071 5945 1403 5780 323 109 8643 9461 9669 7001
331 2695 8573 7804 51 4701 3913 2948 582 111 842 863 2
37 7269 5961 1628 6116 335 4202 502 7272 8769 7744 2590 9379 2790
174 7043 2925 3396 6459 2152 5794 5756 5399 4857 7677 3150 7207 14 4341
408 6456 1180 7672 7141 8078 5701 296 9647 6455 2486 9940 1731 732 5880
70 8467 7228 6052 2699 922 9387 3741 3100 7947 4304 4909 6482
59 121 4487 4758 7968 9019 1663 7236 823 5969 219 8874 6141
397 7879 9245 3027 7676 5161 1408 5493 955 3636 7467 2274 205
337 7342 9168 1180 4723 4416 5515 2270 5327 7508 4325 7842 557 412 3830 5412
309 4388 6242 7118 4992 2167 5647 8764 6457 4717 8910 427
164 486 9280 1450 888 492 5733 657 5913 1123 9013 3543 3894
409 158 7032 8603 4076 6025 9332 4996 959 1775 1956 4020 2962
74 173 6273 6290 7187 6247 1141 6364 6363 5355 3890 2569 7438
311 1697 6849 6329 3257 5414 4991 1250 696 408 3036 7206 3758
14 1525 2059 3599 3046 8624 9358 8689 3833 5170 1642 1043 3543 7240
414 9851 9386 497 9651 1465 8263 7613 6721 9472 5730 2491 7968 2
297 4300 5321 4690 6063 1014 9736 7469 6815 818 4505 7813 5852 8503 1105 2643
437 9303 4866 1470 9099 5488 6775 3530 5605 8499 8461 3058 8614 2164 8687 2962
107 2528 995 8225 9201 2548 9408 1517 6029 4786 5445
462 8034 6166 4955 1836 331 9622 449 2058 4994 3316
207 6830 4593 827 2787 7288 9112 6679 1621 6301 5458 1668 7153 2240
266 4360 7773 9631 7289 5646 7235 1342 1364 1848 4304 8949 3521 3894
54 9331 1410 220 741 3192 8464 1801 3557 754 5245 9139 3371
11 5624 8865 8237 8648 2780 1332 2614 7367 9619 6551 8910 6258
305 9009 7493 3452 4307 9517 1927 386 3447 949 2475 7725 3316 7864
79 6611 3896 4569 4982 4166 9871 8989 2561 9962 2168 8720 5412
345 7530 3312 5904 8980 5396 4080 9189 8127 2965 7028 1307 2840 4400 4199 5715
322 5144 3452 3501 2107 2963 5179 8084 107 4224 6925 5270 7732 935 8387
342 4406 491 4226 7227 9999 1732 4538 214 9764 2458 2264 3758
233 6906 969 8743 9566 7987 5279 8583 1839 5757 1695 6642 7234 5964 6327
0 9125 5974 4718 2610 4532 7228 4383 2277 7787 5715
18 2481 3341 6066 5939 2067 416 4968 8455 9090 2856 9545 9968
64 7344 6913 8249 6505 9556 21 2903 3254 8535 2791 2329 9325 2771 7085 2615
34 9924 835 7730 6861 5611 3044 6655 6151 3055 1262 6355 3936 79
430 7719 7138 3381 278 4335 6472 4258 6227 8513 1060 5547 8561 5433 5762 79
77 3275 3553 1573 4290 908 7283 1399 3061 7488 9657 7356 6963 9444 4399 8491
268 8356 6274 8861 3095 9309 7041 2408 9495 3086 6706 6140 9655
213 3841 3413 3531 4013 1692 8239 5637 2273 9328 8918 3222 5295 5677 6613
463 9731 7710 1062 8509 2472 7356 3845 11 803 8367 2617 9990 6020 321
491 3083 2974 5633 3326 7250 2079 2105 9031 3851 4271 4042 5857 7179 7699
208 6210 3239 8315 8149 451 7543 8723 5843 3671 5905 5857 2892
471 3489 6124 6954 7350 281 5797 8052 3192 1152 2293 3313 5615 9692 2650 4558 8212
129 1757 6231 5000 4538 7490 2145 344 3262 27 8195 3830 3877 6938
428 9366 7901 7980 639 5015 3772 312 9569 7562 670 1039 6153 7713 2962 979
350 407 4033 2701 9746 1839 8001 8970 6149 5711 63 172 8507 5752 1625
363 1973 7220 5121 7672 6786 1905 965 9458 6015 7083 6188 8887 2666 1774 7699
400 4255 2523 2765 7158 6618 8485 4491 2502 1657 8609
438 8186 4242 7097 5649 2602 9047 4999 1034 2557 5548 2190 1658 2288
178 4677 4193 8191 7961 4296 6542 1 1106 5970 9964 5226 7290 3207 2
263 9957 3527 1720 1630 3385 7220 797 7295 8188 3106
7 8746 6598 4887 7121 2785 2967 7915 2179 3027 569 8431 2288
394 1047 819 1377 8135 3975 7686 893 9366 353 9326 3278 4433 1430 1763
468 6605 5252 6085 5770 5659 7512 8429 1618 2024 9313 2555
264 6801 2560 4387 9357 1861 3963 6281 3242 3766 4157 8243 9576 2768
328 8329 5941 5469 3771 7327 100 362 3523 7170 4870 7630 7652
298 4956 8615 1913 9126 1384 918 794 2169 4086 3753 2962
159 8236 3565 2256 3954 7654 8342 5654 7291 984 364 2247 8131 8242 2897 4091 8722 7153
482 4010 1207 9024 4922 9538 2861 9655 128 9057 9021 9834
317 879 1616 433 5353 2231 5415 9048 1255 9676 2713 1685 8248 9129 6938
56 623 8291 1814 5425 3927 8657 4667 1525 367 9533 9007
166 1107 3710 8035 2034 6184 624 6816 8762 4581 7351 4941 2264
223 3348 4050 403 505 8178 1336 3297 4594 2647 8987 7454 7267 979
236 5672 3392 9372 3031 4693 1565 3014 8689 4983 6889 2897 3074 9533
232 4039 7794 7512 3544 4638 2663 2915 8574 3083 2085
231 7613 400 9348 6368 7377 932 4764 2779 4736 5682 5211 2019 9842
103 7495 4779 8383 5957 3573 7789 6679 2702 8771 4063 2128
98 1964 2674 3210 8305 3095 5317 4463 4867 9330 6167 7161 592 8135 5885 5064 2240
283 4759 5584 750 6287 257 2202 234 3972 9950 3475 8524 6360 7413
339 2769 5203 8098 34 8170 8801 2499 8821 4733 7155 3468
389 6165 5807 7190 1109 7586 7063 4570 2641 2135 857 8994 7949
253 8669 9161 2314 8522 4469 2802 8720 3782 1969 6334 3089 7120
330 8955 2242 3514 449 2258 5729 3568 5044 6919 9270 7949
451 2864 7028 315 4089 6594 9592 3821 9137 6279 8674 9414 8116
225 1078 9529 2830 214 1098 5537 1230 9236 9908 9593 7786 5589 6369 5064 7438
371 1236 9147 7066 5169 3056 6972 1533 9056 8413 1546 8618 6306 569
402 379 8362 6346 2620 888 1480 8620 7624 9588 2865 2858 4340 5412
243 36 9297 7962 6837 4183 323 3097 4544 2843 6153 1534
288 6691 7111 4497 4052 4504 5613 3610 5436 193 2731 5473 4286 2240 321
12 285 9618 982 4332 1914 1888 7663 5011 5559 9172 5362 2288 8125 2962
312 5818 3701 5894 5973 243 253 8548 5354 5665 8084 1723 8683 4985 321
357 7025 7115 7581 5035 819 6048 2490 1802 2951 1085 731 7687 8217 1984 3982
382 3153 2326 8310 17 3267 897 1442 1458 9087 6455 2750 3723 3103
452 8569 1151 5980 1966 6974 3143 8757 6607 347 4180 935
182 9132 1457 6388 7836 6278 3017 8764 7593 6773 1943 9399 7044 9139 7880
185 1663 7983 2553 9336 3317 3928 7947 580 812 2340
222 8434 2030 2440 2248 5532 4720 144 5034 2127 5590 4286 205 5715
109 4061 721 8118 4448 2252 9098 2647 3997 4426 5109 3597 2480
228 4542 4646 4206 4102 6890 7319 9784 833 8452 8104 7699
449 3411 4990 2117 810 888 4974 9250 4632 1724 2744 5409 780
403 1592 7164 191 2320 5282 8095 9996 8382 6015 2900 7880
5 8660 5268 5067 6156 2813 4933 3838 8597 2911 7006 9711 2345 310 4199
134 9738 3845 5647 8668 1203 2918 3881 6389 6150 7036 5309 2439 3894
368 9610 8079 14 9830 5673 4936 8469 3931 6727 6860 1454 6827
425 7594 1031 6155 1094 8149 9189 8682 5213 8371 6986 2962
118 8669 1053 768 8647 5868 4553 500 5479 3380 5029 6827 2
140 7662 684 4587 4297 4900 8352 2408 3691 9620 4327 9075
245 5701 2794 2671 3759 4538 3963 8772 9711 7757 9688 8491
167 2084 5601 8526 6488 953 6828 2572 7909 9786 2630 4020
447 3745 57 9110 8276 4708 5011 1403 2282 4709
139 3292 5343 7315 7249 7414 7235 6781 6031 793 9349 79
221 2649 6379 3531 9851 8996 101 1853 3884 2550 6762 3543
199 7246 9402 109 8247 2381 4920 2278 3349 3122 753 9197
154 2140 3306 4189 9774 2467 5256 8277 1303 4699 4199
270 8938 8160 1276 714 8975 4198 6921 8536 3194 3631 3984 9728 4110 4517 7474 847 6827
121 8819 7059 6609 7783 4477 2284 5685 4496 139 2240 5715
93 6991 5685 201 7608 5347 2395 8359 5391 342 9426
360 6506 4806 6463 4419 6636 6521 4304 1507 5658 1157 8994 7652
177 3041 4618 7849 7340 2366 3974 1567 3931 1793 780 7438
202 4353 2674 5278 5926 6384 4900 4614 2941 8640 8954 979
303 3682 6894 4422 4489 1700 3570 6162 7451 2555
355 5147 318 1337 1619 4650 6602 539 2935 136 2673 838
