100
92 40 585 1054 0 68 2 4630 8 2360 5 25 20 14 4 121 3 475 1 41 7 21 141 50 399 73 30 8444 364 71 24 8948 715 3676 356 3097 9584
71 165 13 590 18 1456 105 906 170 147 768 257 2696 6166 15 1073 98 2078 169 75 172 22 255 42 903 54 34 549 17 799 37 1334 197 1958
32 4 1 2882 5 0 3 861 15 18 3458 272 1150 44 29 55 51 105 301 225 830 148 1865 402 121 37 17 2 9 83 309 67 645 161 7 8 1663 554 900 709 138 5921 3849
53 6 0 11 21 114 19 22 12 3038 4 1 100 1434 62 17 18 171 5 13 2 161 2135 724 2052 8512 15 187 9 243 2218 8629 251 23 136 3 2262 1428 8 355 138 2060
57 7 11 0 1 456 82 2883 21 25 2458 268 3 2 16 4859 5724 619 10 2683 1595 1706 136 69 83 9566 53 20 116 2062 8 372 14 63 28 3975 968 708
67 25 0 39 2132 21 1863 14 38 28 1 15 779 68 1843 157 1623 375 1956 19 4 2195 18 3 7 891 229 2706 3689 519 2 5 129 511 36 7687 27 2060 3774 1290
28 217 209 6 975 264 16 1000 232 960 12 114 23 7971 11 180 13 14 842 10 1506 22 135 91 268 1741 544 2968 6424 332 557 63 1140 655 6785 4364 8450
31 971 97 179 142 698 1841 5165 38 2738 130 401 1123 99 9 31 546 248 125 304 9906 1065 470 506 4361 8103 323 33 7924 27 19 253
86 0 500 2051 33 2221 98 238 5 21 2 4 3 1757 227 23 10 7 77 218 351 1896 11 2987 1121 1318 9041 96 13 79 1340 485 859
72 91 755 1353 2195 67 2473 46 248 51 60 111 20 313 6094 3828 84 332 2859 246 2094 327 180 324 194 103 26 7797 54 1384 900
88 47 0 3 2 26 1583 21 45 4 117 5 100 6025 3915 1 12 672 7777 1503 42 17 29 19 24 68 8 169 1591 796 5778 92 38 869
41 287 49 4 5797 378 43 52 51 4241 24 3784 5 39 3017 6 75 5801 7591 34 1837 4858 2014 4618 5688 54 410 554 4247
7 38 74 0 11 4848 303 1 6031 119 848 807 4 170 118 30 5429 4752 31 1315 21 41 1590 5222 7 380 15 6 167 51 331 50 3548 485 948 2 398 66 1296 63 9517 5526
89 1 72 726 6 281 538 44 75 3354 3526 112 257 837 199 3137 28 156 267 30 2019 669 178 6087 2527 4971 60 16 87 206 15 169 682 498 1861 19 8579 636 4618
83 2098 3056 503 76 6 941 1582 50 8401 9493 91 144 173 147 131 116 200 2052 45 54 118 59 742 3293 2791 24 6205 7287 9 890 139 797 3975
80 1044 181 13 214 422 1815 12 44 38 8586 117 1442 9678 2759 351 553 1511 254 215 321 31 365 41 2147 2961 35 179 248 19 9 1572
81 216 13 2475 5731 539 510 1571 1017 25 3400 95 3488 9 182 527 928 248 147 1053 6 211 15 205 90 37 178 7 3879 80 22 7195 277 259 245 83 27 120
3 4032 143 581 9607 6 26 853 101 1288 205 3349 12 66 83 2191 507 57 2805 86 6329 3659 5803 1362 6064 28 419 72 69 176
94 156 218 258 85 34 7590 2329 337 77 2576 321 59 43 932 374 619 88 1008 4299 318 338 1788 21 32 30 420 493 117 1783 28 1917 5051 554
87 281 6 180 1368 34 505 186 104 11 4227 49 25 4040 3053 6614 8949 251 6779 4048 6052 97 91 949 2498 6045 176 2334 24 14 3160 152 2841
11 477 79 14 70 399 465 347 1758 30 48 234 72 76 7 3358 356 3164 2611 502 158 505 25 946 1509 24 1967 43 61 633 10 1571 6126 2433 859
37 24 151 10 1576 3500 1100 87 3140 246 322 73 4362 19 2983 1372 1021 412 0 6755 332 395 62 2 6 15 18 51 514 866 16 594 69 7 968 1737 3097 4371
99 7 1966 8 116 0 2498 15 9 14 75 1209 933 37 1 2 168 7497 3881 117 5197 97 303 41 4 21 27 5 2478 5863 3 599 4552 23 199 13 16 362 19 8044 155 1756 3110 138 708
65 8518 26 514 8428 7122 86 66 3946 222 319 2413 60 62 11 3175 20 97 862 392 106 5196 589 29 3769 1377 2460 55 818 1679 1263
79 1459 260 1201 436 4793 378 45 1959 8244 997 4048 130 6662 1748 152 1985 76 277 7367 706 2096 3894 233 912 36 2886 62 47 1601 27 6402
39 1 1251 322 94 3 2 701 189 56 99 13 6 9 2128 0 796 4 118 169 546 21 632 7593 3813 26 7 204 25 750 8 1671 5921
23 4 50 1156 26 39 33 0 1042 2 3 5 11 8 1 7 55 1948 35 233 6 17 53 1959 1438 28 19 3324 129 1677 1152 107 152 2579
34 817 54 106 1233 363 1 4659 57 6130 3 587 4 371 1446 1089 2469 137 12 5597 17 2430 4096 340 154 198 5 3222 2147 5084 6523 38 2096 50 58 1921 776 8 6604 138
61 1626 1165 2795 55 7672 2456 545 7473 1932 916 231 8672 227 2634 104 64 2415 298 135 213 18 221 27 3661 106 33 448 1991 137 121 404 176 1737
45 189 980 2360 282 4271 978 757 60 133 222 697 576 1142 1627 4657 414 5909 2254 488 653 7956 96 102 132 178 1 4211 42 17 8766 7 193 107 671 1502 7055
0 425 2594 177 2482 110 12 1009 82 26 242 1725 451 293 5246 677 30 3511 5136 31 10 166 5469 2978 7013 2340 4589 123 279 1208 5561 62 27 1799 184 4171 9517
62 6847 76 497 363 1027 359 2423 10 156 173 113 700 7481 51 715 54 194 50 9593 16 1627 3044 5546 64 161 559 766 528 167 7181 57 914 583 7624 1263 1310
5 113 1889 11 286 44 100 1648 161 33 1702 178 1541 409 310 5160 18 953 60 67 637 12 2163 28 937 80 66 20 8767 2151 1693 96 747 2076 3849
75 77 106 1314 122 92 10 945 562 1062 5519 182 6284 29 2067 1370 210 1337 70 108 360 302 268 447 46 161 235 89 346 145 9138 583 1671
16 1097 816 185 456 195 1207 3950 25 20 481 1027 270 1709 35 102 450 506 7791 1811 417 6630 1579 44 186 56 156 256 276 9843 90 176 131 9543
12 5 1481 2688 979 130 879 421 301 192 1973 506 14 12 393 1082 678 32 245 790 2990 7182 19 22 207 439 51 168 533 878 48 129 3751 3983 10 595 155
68 760 1889 117 82 6820 475 1566 159 309 37 98 278 31 6 302 5999 509 664 462 44 131 2 5689 40 9359 6661 57 279 33 13 253 16 371 554
78 5834 46 1967 24 885 1105 25 422 18 1686 77 44 20 12 2664 276 4477 45 126 14 15 218 1402 32 49 3700 13 2568 429 122 375 138 2818 1310
4 22 323 2894 10 257 308 488 46 1635 17 1257 119 192 78 34 183 908 152 120 1628 637 13 31 85 562 12 57 3654 43 160
56 32 0 16 1 23 391 11 3 108 2 19 112 4 2431 18 2282 1913 2051 179 8114 50 44 799 6348 3796 34 7 8702 1697 35 8 5 5566 1591 22 62 9 632 3756 2264 1502
98 205 1487 46 106 1 42 40 0 179 43 410 5 23 9 157 26 1658 175 2 8 13 5748 6400 556 56 5645 6201 1636 17 52 27 236 3097
55 791 8729 52 262 7040 4850 171 2965 3513 35 61 173 2337 208 1014 1246 7062 71 2301 549 539 25 3161 946 65 3815 93 6149 1688 69 7234 4281 1334 6887 1502
29 2684 67 41 1389 350 5020 84 391 5 1099 143 29 2212 26 15 180 226 0 448 4 69 9357 153 156 6438 6 360 437 1078 112 8 9 3158 404 5661
17 2 8 454 0 7 94 14 186 5893 759 20 1 3 4278 5 1710 346 435 42 3900 19 10 23 665 3274 21 67 7818 34 96 11 285 797 6049
1 52 7301 339 1512 774 16 13 2509 23 717 5820 5675 5414 2288 5046 41 882 179 568 36 93 101 8738 116 1137 8600 756 510 1558 231 316 3923 3198
84 204 1080 44 30 21 53 114 233 2542 333 42 1269 34 45 3949 926 885 88 5490 28 32 8044 6354 27 124 4995 26 176 159 4761 25 155 31 487 455 1147 125 2126 126 1173 708
43 772 377 296 7986 2904 1894 236 4838 328 210 2507 4630 1296 41 55 1993 121 1333 1876 74 93 3317 1866 73 265 108 162 6423 47 3016 213 803 446 7712
2 7559 81 2609 444 719 362 688 9742 6 1824 2451 205 58 4452 762 91 1075 20 190 266 323 635 680 633 2202 247 48 30 3735 197 5276 485 3244
14 2751 916 291 278 1136 1278 49 393 490 5795 191 762 14 1866 2247 846 3715 60 1235 89 524 28 181 880 933 4244 58 250 229 9225 107 1077
70 34 424 59 190 984 517 887 255 2524 1351 106 752 56 97 18 1803 60 12 5539 1699 5667 253 480 4798 239 8272 26 490 65 139 111 551 2134 1000 138 3244
15 182 158 723 1461 36 780 127 196 44 358 793 131 296 541 309 442 231 1272 1506 1721 4632 628 714 110 19 2477 4914 8692 5361 67 99 513 41 179 2291 1263
21 5120 34 567 1828 275 10 70 1271 3989 4162 325 5604 6480 174 9 16 244 1407 95 1506 58 750 611 947 3648 457 4482 5005 51 176 2848 2264
18 60 39 213 34 5634 17 11 267 452 20 1395 50 747 251 16 2657 2222 18 161 35 613 4302 731 33 202 162 628 221 66 355 55 37 608 77 27 5381 554 138
40 308 9203 601 14 278 6226 2745 803 659 210 127 209 132 11 106 9208 60 3753 5507 3704 67 6831 306 144 772 5931 20 388 273 317 23 982 957 1263
26 406 63 3 0 1027 328 1 2 469 9 27 1127 3420 3730 5774 217 597 278 71 1515 561 4051 92 5 36 6137 21 1073 2436 82 39 1388 554
74 2385 0 22 258 264 612 142 12 3 8365 21 1 4 2 19 234 435 625 517 3502 13 64 1210 1401 58 40 621 418 1332 659 184 16 992 275 9295 36 148 1979 6450 1583 2848 3097
24 1406 292 7815 1566 481 3006 181 40 145 889 825 3577 83 950 17 37 757 6854 121 105 178 29 221 390 104 39 805 59 208 1184 135 1572
6 553 100 49 23 4809 222 67 4221 1106 659 65 36 551 64 648 976 159 4009 2840 150 774 74 112 16 219 223 60 87 2810 465 388 370 120 3110
95 963 335 6147 212 6913 433 165 568 133 258 235 47 111 402 6629 64 580 84 228 740 3893 130 652 2348 3033 110 79 103 299 30 3767 138
48 33 3684 9 5728 4 2863 0 366 55 25 218 28 2 1 3 27 6 3692 124 96 74 4821 79 7 5 1371 11 103 35 248 2825 8616 1260 2920 300 19 8 138
50 1620 127 418 251 29 1624 2184 9952 827 268 33 2227 8702 691 5178 4619 216 141 1414 82 83 4864 9 1391 672 64 2292 13 5562 41 356 1482
96 330 962 290 3881 329 308 4757 92 219 243 727 33 1867 3013 4088 189 2087 5447 3424 48 114 4560 77 1489 115 4044 163 109 2195 721 480 212 27 1442 523 2644 2330 252 229 2240 4656 686
66 606 1087 23 4319 158 4001 8116 47 7325 4350 3839 145 875 7316 1452 1865 37 59 343 2142 845 292 65 866 462 54 124 29 101 976 67 3535 1951 155 554
93 105 1532 33 134 353 412 161 280 501 3194 9040 772 2295 470 589 162 87 1080 2552 103 213 250 1058 2408 107 403 669 4090 9556 2739 7315 184
30 2522 1026 145 170 2156 5792 8875 134 196 2048 121 10 9471 15 117 2967 37 914 1754 41 6 6097 6696 51 715 288 29 24 5 314 1963 4325 8938 9 431 14 62 126
64 134 314 29 1408 237 231 1190 325 415 124 110 1988 409 591 785 170 1598 27 890 1704 800 1721 5376 1552 6035 679 798 2261 336 1035 52 1056 1397 216 3317 1638 9305
27 63 119 32 8 240 29 2769 47 601 1345 60 1225 286 71 17 160 57 9 5812 411 2148 23 11 12 984 2960 20 24 37 212 3266 295 1137 6 105 10 574 468 155 2889 1954 3389
97 282 190 1275 521 6044 777 160 345 85 265 1880 4146 53 239 1570 3858 63 4928 168 3561 49 230 375 3345 670 31 4 0 355
9 293 0 123 174 1756 6 9 676 1 95 3 2 938 187 656 99 7 219 2652 88 5641 951 101 2973 19 232 122 52 20 9442 297 6234 55 15 6729 138
13 93 358 7027 6558 131 56 1413 48 90 8688 237 7658 6684 2169 851 1424 230 524 3257 71 2282 2491 1318 99 43 600 40 1642 52 252 7242
38 1765 557 1862 256 298 209 3478 489 173 735 6702 62 8704 445 1266 1147 2992 119 7373 408 7764 1239 3926 129 3299 81 45 56 174 199 8516 137 607 582 1714 6656
82 247 8427 9360 67 163 61 3943 5417 1906 2014 42 143 2078 707 55 1610 510 26 7433 4514 2282 7774 137 334 20 3895 45 492 216 369 4478 610 70 225 184 2112 1671
8 53 16 118 4152 9262 2014 283 9085 42 767 77 487 87 265 51 2928 1754 3179 6555 343 1588 125 500 2622 5186 2491 275 79 3059 1735 126 1572 867 1495 1290
54 509 571 68 2251 31 772 354 249 715 4184 1607 402 6043 2638 2099 2650 5195 204 446 52 89 139 56 9957 854 2000 62 61 9019 335 9763 4511 72 561 63 1384
22 0 96 2 49 40 442 3 11 24 462 205 47 4 173 89 157 22 822 6731 1 5 168 584 230 458 7 933 6 66 2045 28 1310 1290
47 209 65 5161 33 6074 3751 3692 313 4238 32 1010 352 109 105 3151 27 454 188 565 251 2897 4791 207 172 1268 2285 2852 482 126 2264 138
36 854 1010 1859 2493 276 142 415 81 312 35 526 79 1245 5140 1152 17 49 105 153 1005 9562 72 1481 5929 62 20 379 336 158 1168 805 907 8454 2591
85 25 40 31 412 90 38 73 216 59 217 5 13 1449 69 176 2024 14 4 475 3559 8 2065 121 56 4240 53 912 758 226 114 4390 120
59 9 65 167 323 769 75 1011 111 203 31 125 725 8601 6408 93 3843 6238 225 2187 1429 64 22 1728 16 1264 216 2295 2479 902 127 82 1412 585 139 8450 554
20 26 148 1 1290 15 2979 107 2 62 3 19 247 5154 8 0 39 210 1039 406 214 11 9798 712 137 250 676 280 6 23 7606 516 27 35 935 4 655 206 120 5526 138
49 8973 272 3 419 2 297 23 1959 88 19 0 28 118 123 646 42 29 6137 14 108 64 9957 1 35 51 7718 235 4 3236 24 8 11 1752 7970 138 3097
42 88 218 20 44 82 561 86 36 18 669 7 9519 1058 490 284 29 331 7347 12 33 34 908 1729 1514 22 159 3790 595 4408 2228 13 4225 491 9561 9 37 176 2153
60 2052 48 201 115 68 67 2562 43 338 24 5605 1393 113 21 83 30 11 1909 409 78 33 9609 5371 81 28 22 666 2730 417 2397 525 1312 899 5985
35 259 476 10 25 2239 483 1074 1909 5221 6012 344 7 4164 137 55 471 44 529 52 836 316 186 5 89 1150 763 96 49 15 128 27 114 4613
58 0 55 89 4104 5850 1378 264 550 24 1866 2986 101 4685 148 99 70 2 134 8076 4474 3768 35 1902 437 2619 128 4133 9 15 909 936 224 329 175 121 120 2955 2153
63 1041 1991 6229 7776 842 58 8131 459 1882 3313 144 3444 7977 8801 6412 206 252 327 4264 6834 9574 227 5368 907 5329 293 96 881 534 759 809 1178 8295 730 0 138
90 2005 6 1 1027 3223 5 15 28 3 1071 0 1489 7 21 6160 10 76 4479 8 2209 6398 1808 1828 655 141 1880 229 119 9749 3814 310 17 2 158 38 155 1110 3172 554
91 3 1 0 651 663 12 8088 2 5 112 84 4370 2665 4 3003 164 55 5275 443 48 111 142 9 6 2477 60 407 4148 327 473 19 817 49 11 114 6018 2591 121 3244 1671
46 414 202 210 103 739 654 6005 151 1746 228 970 534 1066 1091 1932 445 1142 8585 122 1474 133 438 4581 1166 644 425 7135 1567 267 248 432 1502
52 225 47 384 239 1601 4025 9 6514 6001 310 365 8 753 2190 3761 16 2327 29 5625 143 1361 1950 248 30 26 72 676 2088 724 381 145 7895 58 120
76 0 43 2 39 3 10 3228 16 27 455 5 22 103 128 245 11 3279 48 17 47 1 8 35 556 6 34 45 108 129 305 6288 155 869 2060 8095 900 867
44 332 5014 164 72 77 7 56 1 2091 2 1610 0 43 202 214 1051 25 135 256 2951 4089 6044 498 3 58 2575 1826 162 197 151 46 2196 53 146 650 69 1954 3849
73 609 99 4680 46 10 71 380 15 1232 115 23 0 16 137 9547 2 1 41 37 111 3 5479 65 109 17 2878 34 382 224 1495 859
33 1 31 9 6697 91 20 3699 6 602 8488 1011 7387 12 539 16 5294 3790 22 188 940 2233 73 19 419 231 980 358 32 509 3119 15 3563 961 14 2444 5167 28 8 120 6698
19 67 1119 194 245 775 8150 5990 2266 17 23 1072 981 55 344 88 250 236 345 92 26 96 9134 37 4063 13 347 2193 9768 1414 4120 7463 253 153 9 60 6930 583 3106 5926 1737
10 8 2 19 56 0 3430 3252 5 4 93 129 1361 38 119 200 5170 28 131 3 12 94 1 1079 41 44 4386 934 715 65 2496 662 152 155 1951 138 2848
25 6 109 2546 8 0 4 342 9677 12 1 2 74 409 1293 13 5 463 249 807 226 36 1490 21 14 22 1859 757 3 127 2191 952 106 1482
77 8733 68 244 433 81 4138 5350 21 207 161 1130 10 1593 651 2657 75 197 134 18 499 2517 76 59 273 2942 222 20 447 217 78 155
69 762 6 141 1593 1499 5 33 73 427 1883 1119 388 1279 358 109 9 17 8180 58 276 57 63 245 3561 54 756 13 18 3520 6767 2177 7231 7 1446 1061 119 99 32 1522 977 69 6165
51 0 1 9234 28 33 4 2 8783 9 213 6 23 4705 597 788 4606 288 78 966 14 13 22 2410 63 200 7 508 21 45 1728 17 159 24 725 334 1989 2420 27 2818 9365
